{"level":"info","message":"Connected to database successfully","service":"smart-draft-app","timestamp":"2025-09-12T19:48:12.326Z"}
{"level":"info","message":"Disconnected from database successfully","service":"smart-draft-app","timestamp":"2025-09-12T19:48:47.604Z"}
{"level":"info","message":"Connected to database successfully","service":"smart-draft-app","timestamp":"2025-09-13T06:36:31.785Z"}
{"level":"info","message":"Server running on port 3000","service":"smart-draft-app","timestamp":"2025-09-13T06:36:31.804Z"}
{"level":"info","message":"::1 - - [13/Sep/2025:06:37:20 +0000] \"GET / HTTP/1.1\" 200 22 \"-\" \"Mozilla/5.0 (Windows NT 10.0; Win64; x64) AppleWebKit/537.36 (KHTML, like Gecko) Chrome/140.0.0.0 Safari/537.36\"","service":"smart-draft-app","timestamp":"2025-09-13T06:37:20.104Z"}
{"level":"info","message":"::1 - - [13/Sep/2025:06:37:21 +0000] \"GET /favicon.ico HTTP/1.1\" 404 150 \"-\" \"Mozilla/5.0 (Windows NT 10.0; Win64; x64) AppleWebKit/537.36 (KHTML, like Gecko) Chrome/140.0.0.0 Safari/537.36\"","service":"smart-draft-app","timestamp":"2025-09-13T06:37:21.301Z"}
{"level":"info","message":"::1 - - [13/Sep/2025:06:37:48 +0000] \"GET /health HTTP/1.1\" 200 111 \"-\" \"Mozilla/5.0 (Windows NT 10.0; Win64; x64) AppleWebKit/537.36 (KHTML, like Gecko) Chrome/140.0.0.0 Safari/537.36\"","service":"smart-draft-app","timestamp":"2025-09-13T06:37:48.695Z"}
{"level":"info","message":"Disconnected from database successfully","service":"smart-draft-app","timestamp":"2025-09-13T06:38:34.591Z"}
{"level":"info","message":"Connected to database successfully","service":"smart-draft-app","timestamp":"2025-09-13T12:15:09.397Z"}
{"level":"info","message":"Server running on port 3000","service":"smart-draft-app","timestamp":"2025-09-13T12:15:09.407Z"}
{"level":"info","message":"Disconnected from database successfully","service":"smart-draft-app","timestamp":"2025-09-13T12:15:20.175Z"}
{"level":"info","message":"Connected to database successfully","service":"smart-draft-app","timestamp":"2025-09-13T12:44:25.652Z"}
{"level":"info","message":"Server running on port 3000","service":"smart-draft-app","timestamp":"2025-09-13T12:44:25.663Z"}
{"level":"info","message":"::1 - - [13/Sep/2025:12:44:36 +0000] \"GET / HTTP/1.1\" 404 139 \"-\" \"Mozilla/5.0 (Windows NT 10.0; Win64; x64) AppleWebKit/537.36 (KHTML, like Gecko) Chrome/140.0.0.0 Safari/537.36\"","service":"smart-draft-app","timestamp":"2025-09-13T12:44:36.502Z"}
{"level":"info","message":"::1 - - [13/Sep/2025:12:44:59 +0000] \"GET / HTTP/1.1\" 404 139 \"-\" \"Mozilla/5.0 (Windows NT 10.0; Win64; x64) AppleWebKit/537.36 (KHTML, like Gecko) Chrome/140.0.0.0 Safari/537.36\"","service":"smart-draft-app","timestamp":"2025-09-13T12:44:59.783Z"}
{"level":"info","message":"::1 - - [13/Sep/2025:12:45:26 +0000] \"GET /api/ HTTP/1.1\" 200 22 \"-\" \"Mozilla/5.0 (Windows NT 10.0; Win64; x64) AppleWebKit/537.36 (KHTML, like Gecko) Chrome/140.0.0.0 Safari/537.36\"","service":"smart-draft-app","timestamp":"2025-09-13T12:45:26.645Z"}
{"level":"info","message":"Connected to database successfully","service":"smart-draft-app","timestamp":"2025-09-13T12:47:19.633Z"}
{"level":"info","message":"Server running on port 3000","service":"smart-draft-app","timestamp":"2025-09-13T12:47:19.643Z"}
{"level":"info","message":"Connected to database successfully","service":"smart-draft-app","timestamp":"2025-09-13T12:48:13.441Z"}
{"level":"info","message":"Server running on port 3000","service":"smart-draft-app","timestamp":"2025-09-13T12:48:13.449Z"}
{"level":"info","message":"Connected to database successfully","service":"smart-draft-app","timestamp":"2025-09-13T12:49:53.568Z"}
{"level":"info","message":"Server running on port 3000","service":"smart-draft-app","timestamp":"2025-09-13T12:49:53.580Z"}
{"level":"info","message":"Connected to database successfully","service":"smart-draft-app","timestamp":"2025-09-13T12:51:26.897Z"}
{"level":"info","message":"Server running on port 3000","service":"smart-draft-app","timestamp":"2025-09-13T12:51:26.905Z"}
{"level":"info","message":"Connected to database successfully","service":"smart-draft-app","timestamp":"2025-09-13T12:56:57.432Z"}
{"level":"info","message":"Server running on port 3000","service":"smart-draft-app","timestamp":"2025-09-13T12:56:57.440Z"}
{"level":"info","message":"Disconnected from database successfully","service":"smart-draft-app","timestamp":"2025-09-13T13:10:35.661Z"}
{"level":"info","message":"Connected to database successfully","service":"smart-draft-app","timestamp":"2025-09-13T18:23:56.185Z"}
{"level":"info","message":"Server running on port 3000","service":"smart-draft-app","timestamp":"2025-09-13T18:23:56.194Z"}
{"level":"info","message":"::1 - - [13/Sep/2025:18:24:03 +0000] \"GET /api/v1/health HTTP/1.1\" 200 110 \"-\" \"PostmanRuntime/7.45.0\"","service":"smart-draft-app","timestamp":"2025-09-13T18:24:03.186Z"}
{"level":"info","message":"Connected to database successfully","service":"smart-draft-app","timestamp":"2025-09-13T18:27:08.078Z"}
{"level":"info","message":"Server running on port 3000","service":"smart-draft-app","timestamp":"2025-09-13T18:27:08.092Z"}
{"level":"info","message":"Connected to database successfully","service":"smart-draft-app","timestamp":"2025-09-13T18:28:42.901Z"}
{"level":"info","message":"Server running on port 3000","service":"smart-draft-app","timestamp":"2025-09-13T18:28:42.913Z"}
{"level":"info","message":"Connected to database successfully","service":"smart-draft-app","timestamp":"2025-09-13T18:29:55.363Z"}
{"level":"info","message":"Server running on port 3000","service":"smart-draft-app","timestamp":"2025-09-13T18:29:55.372Z"}
{"level":"info","message":"Connected to database successfully","service":"smart-draft-app","timestamp":"2025-09-13T18:30:28.754Z"}
{"level":"info","message":"Server running on port 3000","service":"smart-draft-app","timestamp":"2025-09-13T18:30:28.765Z"}
{"level":"info","message":"Connected to database successfully","service":"smart-draft-app","timestamp":"2025-09-13T18:31:19.766Z"}
{"level":"info","message":"Server running on port 3000","service":"smart-draft-app","timestamp":"2025-09-13T18:31:19.772Z"}
{"level":"info","message":"Connected to database successfully","service":"smart-draft-app","timestamp":"2025-09-13T18:31:29.990Z"}
{"level":"info","message":"Server running on port 3000","service":"smart-draft-app","timestamp":"2025-09-13T18:31:29.999Z"}
{"level":"info","message":"Connected to database successfully","service":"smart-draft-app","timestamp":"2025-09-13T18:33:57.315Z"}
{"level":"info","message":"Server running on port 3000","service":"smart-draft-app","timestamp":"2025-09-13T18:33:57.322Z"}
{"level":"info","message":"Connected to database successfully","service":"smart-draft-app","timestamp":"2025-09-13T18:36:20.470Z"}
{"level":"info","message":"Server running on port 3000","service":"smart-draft-app","timestamp":"2025-09-13T18:36:20.482Z"}
{"level":"info","message":"Connected to database successfully","service":"smart-draft-app","timestamp":"2025-09-13T18:43:32.946Z"}
{"level":"info","message":"Server running on port 3000","service":"smart-draft-app","timestamp":"2025-09-13T18:43:32.959Z"}
{"level":"info","message":"Connected to database successfully","service":"smart-draft-app","timestamp":"2025-09-13T18:49:21.896Z"}
{"level":"info","message":"Server running on port 3000","service":"smart-draft-app","timestamp":"2025-09-13T18:49:21.904Z"}
{"level":"info","message":"Connected to database successfully","service":"smart-draft-app","timestamp":"2025-09-13T18:49:51.580Z"}
{"level":"info","message":"Server running on port 3000","service":"smart-draft-app","timestamp":"2025-09-13T18:49:51.587Z"}
{"level":"info","message":"Connected to database successfully","service":"smart-draft-app","timestamp":"2025-09-13T18:53:15.612Z"}
{"level":"info","message":"Server running on port 3000","service":"smart-draft-app","timestamp":"2025-09-13T18:53:15.619Z"}
{"level":"info","message":"Connected to database successfully","service":"smart-draft-app","timestamp":"2025-09-13T18:54:01.842Z"}
{"level":"info","message":"Server running on port 3000","service":"smart-draft-app","timestamp":"2025-09-13T18:54:01.850Z"}
{"level":"info","message":"Connected to database successfully","service":"smart-draft-app","timestamp":"2025-09-13T18:58:44.576Z"}
{"level":"info","message":"Server running on port 3000","service":"smart-draft-app","timestamp":"2025-09-13T18:58:44.585Z"}
{"level":"info","message":"Connected to database successfully","service":"smart-draft-app","timestamp":"2025-09-13T18:59:34.065Z"}
{"level":"info","message":"Server running on port 3000","service":"smart-draft-app","timestamp":"2025-09-13T18:59:34.073Z"}
{"level":"info","message":"Connected to database successfully","service":"smart-draft-app","timestamp":"2025-09-13T19:00:26.859Z"}
{"level":"info","message":"Server running on port 3000","service":"smart-draft-app","timestamp":"2025-09-13T19:00:26.868Z"}
{"level":"info","message":"Connected to database successfully","service":"smart-draft-app","timestamp":"2025-09-13T19:03:46.530Z"}
{"level":"info","message":"Server running on port 3000","service":"smart-draft-app","timestamp":"2025-09-13T19:03:46.538Z"}
{"level":"info","message":"Connected to database successfully","service":"smart-draft-app","timestamp":"2025-09-13T19:11:23.231Z"}
{"level":"info","message":"Server running on port 3000","service":"smart-draft-app","timestamp":"2025-09-13T19:11:23.241Z"}
{"level":"info","message":"Connected to database successfully","service":"smart-draft-app","timestamp":"2025-09-13T19:12:44.681Z"}
{"level":"info","message":"Server running on port 3000","service":"smart-draft-app","timestamp":"2025-09-13T19:12:44.688Z"}
{"level":"info","message":"Connected to database successfully","service":"smart-draft-app","timestamp":"2025-09-13T19:13:03.500Z"}
{"level":"info","message":"Server running on port 3000","service":"smart-draft-app","timestamp":"2025-09-13T19:13:03.508Z"}
{"level":"info","message":"Connected to database successfully","service":"smart-draft-app","timestamp":"2025-09-13T19:14:07.516Z"}
{"level":"info","message":"Server running on port 3000","service":"smart-draft-app","timestamp":"2025-09-13T19:14:07.524Z"}
{"level":"info","message":"Connected to database successfully","service":"smart-draft-app","timestamp":"2025-09-13T19:15:59.756Z"}
{"level":"info","message":"Server running on port 3000","service":"smart-draft-app","timestamp":"2025-09-13T19:15:59.764Z"}
{"level":"info","message":"Connected to database successfully","service":"smart-draft-app","timestamp":"2025-09-13T19:18:09.802Z"}
{"level":"info","message":"Server running on port 3000","service":"smart-draft-app","timestamp":"2025-09-13T19:18:09.809Z"}
{"level":"info","message":"Connected to database successfully","service":"smart-draft-app","timestamp":"2025-09-13T19:19:26.069Z"}
{"level":"info","message":"Server running on port 3000","service":"smart-draft-app","timestamp":"2025-09-13T19:19:26.076Z"}
{"level":"info","message":"Connected to database successfully","service":"smart-draft-app","timestamp":"2025-09-13T19:22:20.748Z"}
{"level":"info","message":"Server running on port 3000","service":"smart-draft-app","timestamp":"2025-09-13T19:22:20.755Z"}
{"level":"info","message":"Connected to database successfully","service":"smart-draft-app","timestamp":"2025-09-13T19:23:54.669Z"}
{"level":"info","message":"Server running on port 3000","service":"smart-draft-app","timestamp":"2025-09-13T19:23:54.675Z"}
{"level":"info","message":"Connected to database successfully","service":"smart-draft-app","timestamp":"2025-09-13T19:29:32.471Z"}
{"level":"info","message":"Server running on port 3000","service":"smart-draft-app","timestamp":"2025-09-13T19:29:32.480Z"}
{"level":"info","message":"Connected to database successfully","service":"smart-draft-app","timestamp":"2025-09-13T19:30:18.075Z"}
{"level":"info","message":"Server running on port 3000","service":"smart-draft-app","timestamp":"2025-09-13T19:30:18.082Z"}
{"level":"info","message":"Connected to database successfully","service":"smart-draft-app","timestamp":"2025-09-13T19:31:01.201Z"}
{"level":"info","message":"Server running on port 3000","service":"smart-draft-app","timestamp":"2025-09-13T19:31:01.211Z"}
{"level":"info","message":"Connected to database successfully","service":"smart-draft-app","timestamp":"2025-09-13T19:32:17.325Z"}
{"level":"info","message":"Server running on port 3000","service":"smart-draft-app","timestamp":"2025-09-13T19:32:17.332Z"}
{"level":"info","message":"Connected to database successfully","service":"smart-draft-app","timestamp":"2025-09-13T19:34:27.991Z"}
{"level":"info","message":"Server running on port 3000","service":"smart-draft-app","timestamp":"2025-09-13T19:34:27.998Z"}
{"level":"info","message":"Connected to database successfully","service":"smart-draft-app","timestamp":"2025-09-13T19:38:22.860Z"}
{"level":"info","message":"Server running on port 3000","service":"smart-draft-app","timestamp":"2025-09-13T19:38:22.866Z"}
{"level":"info","message":"Connected to database successfully","service":"smart-draft-app","timestamp":"2025-09-13T19:41:15.672Z"}
{"level":"info","message":"Server running on port 3000","service":"smart-draft-app","timestamp":"2025-09-13T19:41:15.679Z"}
{"level":"info","message":"Connected to database successfully","service":"smart-draft-app","timestamp":"2025-09-13T19:43:25.513Z"}
{"level":"info","message":"Server running on port 3000","service":"smart-draft-app","timestamp":"2025-09-13T19:43:25.523Z"}
{"level":"info","message":"Connected to database successfully","service":"smart-draft-app","timestamp":"2025-09-13T19:43:39.607Z"}
{"level":"info","message":"Server running on port 3000","service":"smart-draft-app","timestamp":"2025-09-13T19:43:39.618Z"}
{"level":"info","message":"Connected to database successfully","service":"smart-draft-app","timestamp":"2025-09-13T19:44:00.963Z"}
{"level":"info","message":"Server running on port 3000","service":"smart-draft-app","timestamp":"2025-09-13T19:44:00.971Z"}
{"level":"info","message":"Connected to database successfully","service":"smart-draft-app","timestamp":"2025-09-13T19:48:44.233Z"}
{"level":"info","message":"Server running on port 3000","service":"smart-draft-app","timestamp":"2025-09-13T19:48:44.240Z"}
{"level":"info","message":"Connected to database successfully","service":"smart-draft-app","timestamp":"2025-09-13T19:48:52.455Z"}
{"level":"info","message":"Server running on port 3000","service":"smart-draft-app","timestamp":"2025-09-13T19:48:52.462Z"}
{"level":"info","message":"Connected to database successfully","service":"smart-draft-app","timestamp":"2025-09-13T19:51:05.863Z"}
{"level":"info","message":"Server running on port 3000","service":"smart-draft-app","timestamp":"2025-09-13T19:51:05.871Z"}
{"level":"info","message":"Connected to database successfully","service":"smart-draft-app","timestamp":"2025-09-13T19:51:13.967Z"}
{"level":"info","message":"Server running on port 3000","service":"smart-draft-app","timestamp":"2025-09-13T19:51:13.975Z"}
{"level":"info","message":"Connected to database successfully","service":"smart-draft-app","timestamp":"2025-09-13T19:54:16.531Z"}
{"level":"info","message":"Server running on port 3000","service":"smart-draft-app","timestamp":"2025-09-13T19:54:16.539Z"}
{"level":"info","message":"Connected to database successfully","service":"smart-draft-app","timestamp":"2025-09-13T19:54:24.669Z"}
{"level":"info","message":"Server running on port 3000","service":"smart-draft-app","timestamp":"2025-09-13T19:54:24.678Z"}
{"level":"info","message":"Connected to database successfully","service":"smart-draft-app","timestamp":"2025-09-13T19:55:06.654Z"}
{"level":"info","message":"Server running on port 3000","service":"smart-draft-app","timestamp":"2025-09-13T19:55:06.662Z"}
{"level":"info","message":"Connected to database successfully","service":"smart-draft-app","timestamp":"2025-09-13T19:56:53.785Z"}
{"level":"info","message":"Server running on port 3000","service":"smart-draft-app","timestamp":"2025-09-13T19:56:53.795Z"}
{"level":"info","message":"Connected to database successfully","service":"smart-draft-app","timestamp":"2025-09-13T19:59:31.481Z"}
{"level":"info","message":"Server running on port 3000","service":"smart-draft-app","timestamp":"2025-09-13T19:59:31.491Z"}
{"level":"info","message":"Connected to database successfully","service":"smart-draft-app","timestamp":"2025-09-13T20:01:49.702Z"}
{"level":"info","message":"Server running on port 3000","service":"smart-draft-app","timestamp":"2025-09-13T20:01:49.711Z"}
{"level":"info","message":"Connected to database successfully","service":"smart-draft-app","timestamp":"2025-09-13T20:02:31.764Z"}
{"level":"info","message":"Server running on port 3000","service":"smart-draft-app","timestamp":"2025-09-13T20:02:31.773Z"}
{"level":"info","message":"Connected to database successfully","service":"smart-draft-app","timestamp":"2025-09-13T20:04:08.120Z"}
{"level":"info","message":"Server running on port 3000","service":"smart-draft-app","timestamp":"2025-09-13T20:04:08.130Z"}
{"level":"info","message":"Connected to database successfully","service":"smart-draft-app","timestamp":"2025-09-13T20:10:31.237Z"}
{"level":"info","message":"Server running on port 3000","service":"smart-draft-app","timestamp":"2025-09-13T20:10:31.247Z"}
{"level":"info","message":"Connected to database successfully","service":"smart-draft-app","timestamp":"2025-09-13T20:10:41.100Z"}
{"level":"info","message":"Server running on port 3000","service":"smart-draft-app","timestamp":"2025-09-13T20:10:41.109Z"}
{"level":"info","message":"Connected to database successfully","service":"smart-draft-app","timestamp":"2025-09-13T20:14:49.432Z"}
{"level":"info","message":"Server running on port 3000","service":"smart-draft-app","timestamp":"2025-09-13T20:14:49.442Z"}
{"level":"info","message":"Connected to database successfully","service":"smart-draft-app","timestamp":"2025-09-13T20:17:44.059Z"}
{"level":"info","message":"Server running on port 3000","service":"smart-draft-app","timestamp":"2025-09-13T20:17:44.069Z"}
{"level":"info","message":"Disconnected from database successfully","service":"smart-draft-app","timestamp":"2025-09-13T20:17:54.961Z"}
{"level":"info","message":"Connected to database successfully","service":"smart-draft-app","timestamp":"2025-09-13T20:18:10.399Z"}
{"level":"info","message":"Server running on port 3000","service":"smart-draft-app","timestamp":"2025-09-13T20:18:10.409Z"}
{"level":"info","message":"::1 - - [13/Sep/2025:20:19:22 +0000] \"POST /api/v1/auth/signup HTTP/1.1\" 404 158 \"-\" \"PostmanRuntime/7.45.0\"","service":"smart-draft-app","timestamp":"2025-09-13T20:19:22.018Z"}
{"level":"info","message":"Connected to database successfully","service":"smart-draft-app","timestamp":"2025-09-13T20:21:33.398Z"}
{"level":"info","message":"Server running on port 3000","service":"smart-draft-app","timestamp":"2025-09-13T20:21:33.409Z"}
{"error":{"message":"[\n  {\n    \"expected\": \"object\",\n    \"code\": \"invalid_type\",\n    \"path\": [],\n    \"message\": \"Invalid input: expected object, received undefined\"\n  }\n]","name":"ZodError"},"level":"error","message":"Unhandled Error:","service":"smart-draft-app","timestamp":"2025-09-13T20:21:55.438Z"}
{"level":"info","message":"::1 - - [13/Sep/2025:20:21:55 +0000] \"POST /api/v1/auth/signup HTTP/1.1\" 500 63 \"-\" \"PostmanRuntime/7.45.0\"","service":"smart-draft-app","timestamp":"2025-09-13T20:21:55.448Z"}
{"email":"prithivi@gmail.com","level":"info","message":"User registered successfully","role":"user","service":"smart-draft-app","timestamp":"2025-09-13T20:24:08.151Z","userId":"68c5d2e729b032eb3b332210","username":"user-04qxa5oihqj5"}
{"level":"info","message":"::1 - - [13/Sep/2025:20:24:08 +0000] \"POST /api/v1/auth/signup HTTP/1.1\" 201 399 \"-\" \"PostmanRuntime/7.45.0\"","service":"smart-draft-app","timestamp":"2025-09-13T20:24:08.153Z"}
